[handleMsg]:  Message {
  _data: {
    id: {
      fromMe: false,
      remote: '573125005599@c.us',
      id: '6D077F0E20DA8FDEA0',
      _serialized: 'false_573125005599@c.us_6D077F0E20DA8FDEA0'
    },
    viewed: false,
    body: 'hola',
    type: 'chat',
    t: 1709582294,
    notifyName: 'Santiago Everardo Orozco',
    from: '573125005599@c.us',
    to: '573146631552@c.us',
    self: 'in',
    ack: 1,
    invis: false,
    isNewMsg: true,
    star: false,
    kicNotified: false,
    recvFresh: true,
    isFromTemplate: false,
    thumbnail: '',
    pollInvalidated: false,
    isSentCagPollCreation: false,
    latestEditMsgKey: null,
    latestEditSenderTimestampMs: null,
    mentionedJidList: [],
    groupMentions: [],
    isEventCanceled: false,
    isVcardOverMmsDocument: false,
    labels: [],
    hasReaction: false,
    ephemeralDuration: 0,
    ephemeralSettingTimestamp: 0,
    disappearingModeInitiator: 'chat',
    disappearingModeTrigger: 'chat_settings',
    productHeaderImageRejected: false,
    lastPlaybackProgress: 0,
    isDynamicReplyButtonsMsg: false,
    isCarouselCard: false,
    parentMsgId: null,
    isMdHistoryMsg: false,
    stickerSentTs: 0,
    isAvatar: false,
    lastUpdateFromServerTs: 0,
    invokedBotWid: null,
    bizBotType: null,
    botResponseTargetId: null,
    botPluginType: null,
    botPluginReferenceIndex: null,
    botPluginSearchProvider: null,
    botPluginSearchUrl: null,
    botPluginMaybeParent: false,
    botReelPluginThumbnailCdnUrl: null,
    botMsgBodyType: null,
    requiresDirectConnection: null,
    bizContentPlaceholderType: null,
    hostedBizEncStateMismatch: false,
    senderOrRecipientAccountTypeHosted: false,
    placeholderCreatedWhenAccountIsHosted: false,
    links: []
  },
  mediaKey: undefined,
  id: {
    fromMe: false,
    remote: '573125005599@c.us',
    id: '6D077F0E20DA8FDEA0',
    _serialized: 'false_573125005599@c.us_6D077F0E20DA8FDEA0'
  },
  ack: 1,
  hasMedia: false,
  body: 'hola',
  type: 'chat',
  timestamp: 1709582294,
  from: '573125005599',
  to: '573146631552@c.us',
  author: undefined,
  deviceType: 'web',
  isForwarded: undefined,
  forwardingScore: 0,
  isStatus: false,
  isStarred: false,
  broadcast: undefined,
  fromMe: false,
  hasQuotedMsg: false,
  hasReaction: false,
  duration: undefined,
  location: undefined,
  vCards: [],
  inviteV4: undefined,
  mentionedIds: [],
  orderId: undefined,
  token: undefined,
  isGif: false,
  isEphemeral: undefined,
  links: []
}
[QUEUE_SE_ENVIO]:  {
  ref: 'ans_6a9e17a8-16ad-48cf-9018-12745a4a8ee0',
  keyword: 'key_2eed1687-8d80-4494-900c-a93f3c1da65a',
  answer: 'Muchas gracias por comunicarte con Proyecmari',
  options: {
    media: null,
    buttons: [],
    capture: false,
    child: null,
    delay: 0,
    idle: null,
    ref: null,
    nested: [],
    keyword: {},
    callback: false
  },
  refSerialize: 'e4abbc44b0befb414eb3542987b8b00a'
}
[QUEUE_SE_ENVIO]:  {
  ref: 'ans_4eca54e2-97c8-4e18-962e-78d499b73c83',
  keyword: 'ans_6a9e17a8-16ad-48cf-9018-12745a4a8ee0',
  answer: 'Te ofrecemos los siguientes servicios: Copias, Impresi贸n, Trabajos de investigaci贸n.\n' +
    'Para conocer m谩s serviciosmarque1.',
  options: {
    media: null,
    buttons: [],
    capture: false,
    child: null,
    delay: 0,
    idle: null,
    ref: null,
    nested: [ [Object], [Object] ],
    keyword: {},
    callback: false
  },
  refSerialize: '10b98c67062a40e4ff95ddf64529a4da'
}
[handleMsg]:  Message {
  _data: {
    id: {
      fromMe: false,
      remote: '573192565125@c.us',
      id: 'DB90DF0E72C46845C4CF5E835AE6BE73',
      _serialized: 'false_573192565125@c.us_DB90DF0E72C46845C4CF5E835AE6BE73'
    },
    viewed: false,
    body: 'Hola',
    type: 'chat',
    t: 1709582362,
    notifyName: 'Robert L贸pez',
    from: '573192565125@c.us',
    to: '573146631552@c.us',
    self: 'in',
    ack: 1,
    invis: false,
    isNewMsg: true,
    star: false,
    kicNotified: false,
    recvFresh: true,
    isFromTemplate: false,
    pollInvalidated: false,
    isSentCagPollCreation: false,
    latestEditMsgKey: null,
    latestEditSenderTimestampMs: null,
    mentionedJidList: [],
    groupMentions: [],
    isEventCanceled: false,
    isVcardOverMmsDocument: false,
    isForwarded: false,
    labels: [],
    hasReaction: false,
    productHeaderImageRejected: false,
    lastPlaybackProgress: 0,
    isDynamicReplyButtonsMsg: false,
    isCarouselCard: false,
    parentMsgId: null,
    isMdHistoryMsg: false,
    stickerSentTs: 0,
    isAvatar: false,
    lastUpdateFromServerTs: 0,
    invokedBotWid: null,
    bizBotType: null,
    botResponseTargetId: null,
    botPluginType: null,
    botPluginReferenceIndex: null,
    botPluginSearchProvider: null,
    botPluginSearchUrl: null,
    botPluginMaybeParent: false,
    botReelPluginThumbnailCdnUrl: null,
    botMsgBodyType: null,
    requiresDirectConnection: null,
    bizContentPlaceholderType: null,
    hostedBizEncStateMismatch: false,
    senderOrRecipientAccountTypeHosted: false,
    placeholderCreatedWhenAccountIsHosted: false,
    links: []
  },
  mediaKey: undefined,
  id: {
    fromMe: false,
    remote: '573192565125@c.us',
    id: 'DB90DF0E72C46845C4CF5E835AE6BE73',
    _serialized: 'false_573192565125@c.us_DB90DF0E72C46845C4CF5E835AE6BE73'
  },
  ack: 1,
  hasMedia: false,
  body: 'Hola',
  type: 'chat',
  timestamp: 1709582362,
  from: '573192565125',
  to: '573146631552@c.us',
  author: undefined,
  deviceType: 'android',
  isForwarded: false,
  forwardingScore: 0,
  isStatus: false,
  isStarred: false,
  broadcast: undefined,
  fromMe: false,
  hasQuotedMsg: false,
  hasReaction: false,
  duration: undefined,
  location: undefined,
  vCards: [],
  inviteV4: undefined,
  mentionedIds: [],
  orderId: undefined,
  token: undefined,
  isGif: false,
  isEphemeral: undefined,
  links: []
}
[QUEUE_SE_ENVIO]:  {
  ref: 'ans_6a9e17a8-16ad-48cf-9018-12745a4a8ee0',
  keyword: 'key_2eed1687-8d80-4494-900c-a93f3c1da65a',
  answer: 'Muchas gracias por comunicarte con Proyecmari',
  options: {
    media: null,
    buttons: [],
    capture: false,
    child: null,
    delay: 0,
    idle: null,
    ref: null,
    nested: [],
    keyword: {},
    callback: false
  },
  refSerialize: 'e4abbc44b0befb414eb3542987b8b00a'
}
[QUEUE_SE_ENVIO]:  {
  ref: 'ans_4eca54e2-97c8-4e18-962e-78d499b73c83',
  keyword: 'ans_6a9e17a8-16ad-48cf-9018-12745a4a8ee0',
  answer: 'Te ofrecemos los siguientes servicios: Copias, Impresi贸n, Trabajos de investigaci贸n.\n' +
    'Para conocer m谩s serviciosmarque1.',
  options: {
    media: null,
    buttons: [],
    capture: false,
    child: null,
    delay: 0,
    idle: null,
    ref: null,
    nested: [ [Object], [Object] ],
    keyword: {},
    callback: false
  },
  refSerialize: '10b98c67062a40e4ff95ddf64529a4da'
}
[handleMsg]:  Message {
  _data: {
    id: {
      fromMe: false,
      remote: '573125005599@c.us',
      id: 'DAE2F33D963225EF23',
      _serialized: 'false_573125005599@c.us_DAE2F33D963225EF23'
    },
    viewed: false,
    body: 'hola',
    type: 'chat',
    t: 1709582381,
    notifyName: 'Santiago Everardo Orozco',
    from: '573125005599@c.us',
    to: '573146631552@c.us',
    self: 'in',
    ack: 1,
    invis: false,
    isNewMsg: true,
    star: false,
    kicNotified: false,
    recvFresh: true,
    isFromTemplate: false,
    thumbnail: '',
    pollInvalidated: false,
    isSentCagPollCreation: false,
    latestEditMsgKey: null,
    latestEditSenderTimestampMs: null,
    mentionedJidList: [],
    groupMentions: [],
    isEventCanceled: false,
    isVcardOverMmsDocument: false,
    labels: [],
    hasReaction: false,
    ephemeralDuration: 0,
    ephemeralSettingTimestamp: 0,
    disappearingModeInitiator: 'chat',
    disappearingModeTrigger: 'chat_settings',
    productHeaderImageRejected: false,
    lastPlaybackProgress: 0,
    isDynamicReplyButtonsMsg: false,
    isCarouselCard: false,
    parentMsgId: null,
    isMdHistoryMsg: false,
    stickerSentTs: 0,
    isAvatar: false,
    lastUpdateFromServerTs: 0,
    invokedBotWid: null,
    bizBotType: null,
    botResponseTargetId: null,
    botPluginType: null,
    botPluginReferenceIndex: null,
    botPluginSearchProvider: null,
    botPluginSearchUrl: null,
    botPluginMaybeParent: false,
    botReelPluginThumbnailCdnUrl: null,
    botMsgBodyType: null,
    requiresDirectConnection: null,
    bizContentPlaceholderType: null,
    hostedBizEncStateMismatch: false,
    senderOrRecipientAccountTypeHosted: false,
    placeholderCreatedWhenAccountIsHosted: false,
    links: []
  },
  mediaKey: undefined,
  id: {
    fromMe: false,
    remote: '573125005599@c.us',
    id: 'DAE2F33D963225EF23',
    _serialized: 'false_573125005599@c.us_DAE2F33D963225EF23'
  },
  ack: 1,
  hasMedia: false,
  body: 'hola',
  type: 'chat',
  timestamp: 1709582381,
  from: '573125005599',
  to: '573146631552@c.us',
  author: undefined,
  deviceType: 'web',
  isForwarded: undefined,
  forwardingScore: 0,
  isStatus: false,
  isStarred: false,
  broadcast: undefined,
  fromMe: false,
  hasQuotedMsg: false,
  hasReaction: false,
  duration: undefined,
  location: undefined,
  vCards: [],
  inviteV4: undefined,
  mentionedIds: [],
  orderId: undefined,
  token: undefined,
  isGif: false,
  isEphemeral: undefined,
  links: []
}
[handleMsg]:  Message {
  _data: {
    id: {
      fromMe: false,
      remote: '573192565125@c.us',
      id: '9AE52B79A741BC3F7280D408D82CFE63',
      _serialized: 'false_573192565125@c.us_9AE52B79A741BC3F7280D408D82CFE63'
    },
    viewed: false,
    body: '1',
    type: 'chat',
    t: 1709582388,
    notifyName: 'Robert L贸pez',
    from: '573192565125@c.us',
    to: '573146631552@c.us',
    self: 'in',
    ack: 1,
    invis: false,
    isNewMsg: true,
    star: false,
    kicNotified: false,
    recvFresh: true,
    isFromTemplate: false,
    pollInvalidated: false,
    isSentCagPollCreation: false,
    latestEditMsgKey: null,
    latestEditSenderTimestampMs: null,
    mentionedJidList: [],
    groupMentions: [],
    isEventCanceled: false,
    isVcardOverMmsDocument: false,
    isForwarded: false,
    labels: [],
    hasReaction: false,
    productHeaderImageRejected: false,
    lastPlaybackProgress: 0,
    isDynamicReplyButtonsMsg: false,
    isCarouselCard: false,
    parentMsgId: null,
    isMdHistoryMsg: false,
    stickerSentTs: 0,
    isAvatar: false,
    lastUpdateFromServerTs: 0,
    invokedBotWid: null,
    bizBotType: null,
    botResponseTargetId: null,
    botPluginType: null,
    botPluginReferenceIndex: null,
    botPluginSearchProvider: null,
    botPluginSearchUrl: null,
    botPluginMaybeParent: false,
    botReelPluginThumbnailCdnUrl: null,
    botMsgBodyType: null,
    requiresDirectConnection: null,
    bizContentPlaceholderType: null,
    hostedBizEncStateMismatch: false,
    senderOrRecipientAccountTypeHosted: false,
    placeholderCreatedWhenAccountIsHosted: false,
    links: []
  },
  mediaKey: undefined,
  id: {
    fromMe: false,
    remote: '573192565125@c.us',
    id: '9AE52B79A741BC3F7280D408D82CFE63',
    _serialized: 'false_573192565125@c.us_9AE52B79A741BC3F7280D408D82CFE63'
  },
  ack: 1,
  hasMedia: false,
  body: '1',
  type: 'chat',
  timestamp: 1709582388,
  from: '573192565125',
  to: '573146631552@c.us',
  author: undefined,
  deviceType: 'android',
  isForwarded: false,
  forwardingScore: 0,
  isStatus: false,
  isStarred: false,
  broadcast: undefined,
  fromMe: false,
  hasQuotedMsg: false,
  hasReaction: false,
  duration: undefined,
  location: undefined,
  vCards: [],
  inviteV4: undefined,
  mentionedIds: [],
  orderId: undefined,
  token: undefined,
  isGif: false,
  isEphemeral: undefined,
  links: []
}
[QUEUE_SE_ENVIO]:  {
  ref: 'ans_c5cd471e-d2ef-4ebc-827b-563fac3af04e',
  keyword: 'key_d5f7d86e-b4ae-45af-88df-4036bf170e6c',
  answer: 'En proyecmari, te podemos ayudar con los siguientes servicios de calidad y sin perjudicar tu bolsillo\n' +
    '\n' +
    '1. Impresi贸n - Copias - Escaneos.锔\n' +
    '2. Redacci贸n de tareas - Trabajos -Diapositivas.\n' +
    '3. Cartas (solicitudes, quejas, reclamos).\n' +
    '4. Descarga de m煤sicaov铆deo(USB).\n' +
    '\n' +
    'No tienes tiempo? comun铆cate al 3146631552 para atenderter谩pidamente.\n' +
    '\n' +
    'Elija el n煤mero del servicio que necesite',
  options: {
    media: null,
    buttons: [],
    capture: false,
    child: null,
    delay: 0,
    idle: null,
    ref: null,
    nested: [
      [Object], [Object],
      [Object], [Object],
      [Object], [Object],
      [Object], [Object]
    ],
    keyword: {},
    callback: false
  },
  refSerialize: '7a2be7d0e23efb97b68fa314ad6e0a3b'
}
[handleMsg]:  Message {
  _data: {
    id: {
      fromMe: false,
      remote: '573125005599@c.us',
      id: '6756F665C8ACA103C4',
      _serialized: 'false_573125005599@c.us_6756F665C8ACA103C4'
    },
    viewed: false,
    body: 'Hola',
    type: 'chat',
    t: 1709582403,
    notifyName: 'Santiago Everardo Orozco',
    from: '573125005599@c.us',
    to: '573146631552@c.us',
    self: 'in',
    ack: 1,
    invis: false,
    isNewMsg: true,
    star: false,
    kicNotified: false,
    recvFresh: true,
    isFromTemplate: false,
    thumbnail: '',
    pollInvalidated: false,
    isSentCagPollCreation: false,
    latestEditMsgKey: null,
    latestEditSenderTimestampMs: null,
    mentionedJidList: [],
    groupMentions: [],
    isEventCanceled: false,
    isVcardOverMmsDocument: false,
    labels: [],
    hasReaction: false,
    ephemeralDuration: 0,
    ephemeralSettingTimestamp: 0,
    disappearingModeInitiator: 'chat',
    disappearingModeTrigger: 'chat_settings',
    productHeaderImageRejected: false,
    lastPlaybackProgress: 0,
    isDynamicReplyButtonsMsg: false,
    isCarouselCard: false,
    parentMsgId: null,
    isMdHistoryMsg: false,
    stickerSentTs: 0,
    isAvatar: false,
    lastUpdateFromServerTs: 0,
    invokedBotWid: null,
    bizBotType: null,
    botResponseTargetId: null,
    botPluginType: null,
    botPluginReferenceIndex: null,
    botPluginSearchProvider: null,
    botPluginSearchUrl: null,
    botPluginMaybeParent: false,
    botReelPluginThumbnailCdnUrl: null,
    botMsgBodyType: null,
    requiresDirectConnection: null,
    bizContentPlaceholderType: null,
    hostedBizEncStateMismatch: false,
    senderOrRecipientAccountTypeHosted: false,
    placeholderCreatedWhenAccountIsHosted: false,
    links: []
  },
  mediaKey: undefined,
  id: {
    fromMe: false,
    remote: '573125005599@c.us',
    id: '6756F665C8ACA103C4',
    _serialized: 'false_573125005599@c.us_6756F665C8ACA103C4'
  },
  ack: 1,
  hasMedia: false,
  body: 'Hola',
  type: 'chat',
  timestamp: 1709582403,
  from: '573125005599',
  to: '573146631552@c.us',
  author: undefined,
  deviceType: 'web',
  isForwarded: undefined,
  forwardingScore: 0,
  isStatus: false,
  isStarred: false,
  broadcast: undefined,
  fromMe: false,
  hasQuotedMsg: false,
  hasReaction: false,
  duration: undefined,
  location: undefined,
  vCards: [],
  inviteV4: undefined,
  mentionedIds: [],
  orderId: undefined,
  token: undefined,
  isGif: false,
  isEphemeral: undefined,
  links: []
}
[QUEUE_SE_ENVIO]:  {
  ref: 'ans_6a9e17a8-16ad-48cf-9018-12745a4a8ee0',
  keyword: 'key_2eed1687-8d80-4494-900c-a93f3c1da65a',
  answer: 'Muchas gracias por comunicarte con Proyecmari',
  options: {
    media: null,
    buttons: [],
    capture: false,
    child: null,
    delay: 0,
    idle: null,
    ref: null,
    nested: [],
    keyword: {},
    callback: false
  },
  refSerialize: 'e4abbc44b0befb414eb3542987b8b00a'
}
[QUEUE_SE_ENVIO]:  {
  ref: 'ans_4eca54e2-97c8-4e18-962e-78d499b73c83',
  keyword: 'ans_6a9e17a8-16ad-48cf-9018-12745a4a8ee0',
  answer: 'Te ofrecemos los siguientes servicios: Copias, Impresi贸n, Trabajos de investigaci贸n.\n' +
    'Para conocer m谩s serviciosmarque1.',
  options: {
    media: null,
    buttons: [],
    capture: false,
    child: null,
    delay: 0,
    idle: null,
    ref: null,
    nested: [ [Object], [Object] ],
    keyword: {},
    callback: false
  },
  refSerialize: '10b98c67062a40e4ff95ddf64529a4da'
}
[handleMsg]:  Message {
  _data: {
    id: {
      fromMe: false,
      remote: '573192565125@c.us',
      id: 'FCBD21BFD96A72FAB72A565427207391',
      _serialized: 'false_573192565125@c.us_FCBD21BFD96A72FAB72A565427207391'
    },
    viewed: false,
    body: '1',
    type: 'chat',
    t: 1709582422,
    notifyName: 'Robert L贸pez',
    from: '573192565125@c.us',
    to: '573146631552@c.us',
    self: 'in',
    ack: 1,
    invis: false,
    isNewMsg: true,
    star: false,
    kicNotified: false,
    recvFresh: true,
    isFromTemplate: false,
    pollInvalidated: false,
    isSentCagPollCreation: false,
    latestEditMsgKey: null,
    latestEditSenderTimestampMs: null,
    mentionedJidList: [],
    groupMentions: [],
    isEventCanceled: false,
    isVcardOverMmsDocument: false,
    isForwarded: false,
    labels: [],
    hasReaction: false,
    productHeaderImageRejected: false,
    lastPlaybackProgress: 0,
    isDynamicReplyButtonsMsg: false,
    isCarouselCard: false,
    parentMsgId: null,
    isMdHistoryMsg: false,
    stickerSentTs: 0,
    isAvatar: false,
    lastUpdateFromServerTs: 0,
    invokedBotWid: null,
    bizBotType: null,
    botResponseTargetId: null,
    botPluginType: null,
    botPluginReferenceIndex: null,
    botPluginSearchProvider: null,
    botPluginSearchUrl: null,
    botPluginMaybeParent: false,
    botReelPluginThumbnailCdnUrl: null,
    botMsgBodyType: null,
    requiresDirectConnection: null,
    bizContentPlaceholderType: null,
    hostedBizEncStateMismatch: false,
    senderOrRecipientAccountTypeHosted: false,
    placeholderCreatedWhenAccountIsHosted: false,
    links: []
  },
  mediaKey: undefined,
  id: {
    fromMe: false,
    remote: '573192565125@c.us',
    id: 'FCBD21BFD96A72FAB72A565427207391',
    _serialized: 'false_573192565125@c.us_FCBD21BFD96A72FAB72A565427207391'
  },
  ack: 1,
  hasMedia: false,
  body: '1',
  type: 'chat',
  timestamp: 1709582422,
  from: '573192565125',
  to: '573146631552@c.us',
  author: undefined,
  deviceType: 'android',
  isForwarded: false,
  forwardingScore: 0,
  isStatus: false,
  isStarred: false,
  broadcast: undefined,
  fromMe: false,
  hasQuotedMsg: false,
  hasReaction: false,
  duration: undefined,
  location: undefined,
  vCards: [],
  inviteV4: undefined,
  mentionedIds: [],
  orderId: undefined,
  token: undefined,
  isGif: false,
  isEphemeral: undefined,
  links: []
}
[QUEUE_SE_ENVIO]:  {
  ref: 'ans_5e3dedcf-4bc6-4001-9ad2-0b583e33f516',
  keyword: 'key_4f0c81f2-c2dd-4ba0-8886-908bfc25bf19',
  answer: 'Impresi贸n BN- 400\n' +
    'Impresi贸n Color - 600\n' +
    '\n' +
    'Copia BN - 300\n' +
    'Copia Color - 500\n' +
    '\n' +
    'Escaneos 800',
  options: {
    media: null,
    buttons: [],
    capture: false,
    child: null,
    delay: 0,
    idle: null,
    ref: null,
    nested: [],
    keyword: {},
    callback: false
  },
  refSerialize: '2adf78b1acabd6464ba5c469a25fb9a6'
}
[handleMsg]:  Message {
  _data: {
    id: {
      fromMe: false,
      remote: '573192565125@c.us',
      id: 'DF0784D4EC4F56F0DF972C58A8E05B2A',
      _serialized: 'false_573192565125@c.us_DF0784D4EC4F56F0DF972C58A8E05B2A'
    },
    viewed: false,
    body: '2',
    type: 'chat',
    t: 1709582437,
    notifyName: 'Robert L贸pez',
    from: '573192565125@c.us',
    to: '573146631552@c.us',
    self: 'in',
    ack: 1,
    invis: false,
    isNewMsg: true,
    star: false,
    kicNotified: false,
    recvFresh: true,
    isFromTemplate: false,
    pollInvalidated: false,
    isSentCagPollCreation: false,
    latestEditMsgKey: null,
    latestEditSenderTimestampMs: null,
    mentionedJidList: [],
    groupMentions: [],
    isEventCanceled: false,
    isVcardOverMmsDocument: false,
    isForwarded: false,
    labels: [],
    hasReaction: false,
    productHeaderImageRejected: false,
    lastPlaybackProgress: 0,
    isDynamicReplyButtonsMsg: false,
    isCarouselCard: false,
    parentMsgId: null,
    isMdHistoryMsg: false,
    stickerSentTs: 0,
    isAvatar: false,
    lastUpdateFromServerTs: 0,
    invokedBotWid: null,
    bizBotType: null,
    botResponseTargetId: null,
    botPluginType: null,
    botPluginReferenceIndex: null,
    botPluginSearchProvider: null,
    botPluginSearchUrl: null,
    botPluginMaybeParent: false,
    botReelPluginThumbnailCdnUrl: null,
    botMsgBodyType: null,
    requiresDirectConnection: null,
    bizContentPlaceholderType: null,
    hostedBizEncStateMismatch: false,
    senderOrRecipientAccountTypeHosted: false,
    placeholderCreatedWhenAccountIsHosted: false,
    links: []
  },
  mediaKey: undefined,
  id: {
    fromMe: false,
    remote: '573192565125@c.us',
    id: 'DF0784D4EC4F56F0DF972C58A8E05B2A',
    _serialized: 'false_573192565125@c.us_DF0784D4EC4F56F0DF972C58A8E05B2A'
  },
  ack: 1,
  hasMedia: false,
  body: '2',
  type: 'chat',
  timestamp: 1709582437,
  from: '573192565125',
  to: '573146631552@c.us',
  author: undefined,
  deviceType: 'android',
  isForwarded: false,
  forwardingScore: 0,
  isStatus: false,
  isStarred: false,
  broadcast: undefined,
  fromMe: false,
  hasQuotedMsg: false,
  hasReaction: false,
  duration: undefined,
  location: undefined,
  vCards: [],
  inviteV4: undefined,
  mentionedIds: [],
  orderId: undefined,
  token: undefined,
  isGif: false,
  isEphemeral: undefined,
  links: []
}
[QUEUE_SE_ENVIO]:  {
  ref: 'ans_6a9e17a8-16ad-48cf-9018-12745a4a8ee0',
  keyword: 'key_2eed1687-8d80-4494-900c-a93f3c1da65a',
  answer: 'Muchas gracias por comunicarte con Proyecmari',
  options: {
    media: null,
    buttons: [],
    capture: false,
    child: null,
    delay: 0,
    idle: null,
    ref: null,
    nested: [],
    keyword: {},
    callback: false
  },
  refSerialize: 'e4abbc44b0befb414eb3542987b8b00a'
}
[QUEUE_SE_ENVIO]:  {
  ref: 'ans_4eca54e2-97c8-4e18-962e-78d499b73c83',
  keyword: 'ans_6a9e17a8-16ad-48cf-9018-12745a4a8ee0',
  answer: 'Te ofrecemos los siguientes servicios: Copias, Impresi贸n, Trabajos de investigaci贸n.\n' +
    'Para conocer m谩s serviciosmarque1.',
  options: {
    media: null,
    buttons: [],
    capture: false,
    child: null,
    delay: 0,
    idle: null,
    ref: null,
    nested: [ [Object], [Object] ],
    keyword: {},
    callback: false
  },
  refSerialize: '10b98c67062a40e4ff95ddf64529a4da'
}
[handleMsg]:  Message {
  _data: {
    id: {
      fromMe: false,
      remote: '573192565125@c.us',
      id: '4772F044896DD9AB7671E0B685A0596F',
      _serialized: 'false_573192565125@c.us_4772F044896DD9AB7671E0B685A0596F'
    },
    viewed: false,
    body: 'Hola',
    type: 'chat',
    t: 1709582506,
    notifyName: 'Robert L贸pez',
    from: '573192565125@c.us',
    to: '573146631552@c.us',
    self: 'in',
    ack: 1,
    invis: false,
    isNewMsg: true,
    star: false,
    kicNotified: false,
    recvFresh: true,
    isFromTemplate: false,
    pollInvalidated: false,
    isSentCagPollCreation: false,
    latestEditMsgKey: null,
    latestEditSenderTimestampMs: null,
    mentionedJidList: [],
    groupMentions: [],
    isEventCanceled: false,
    isVcardOverMmsDocument: false,
    isForwarded: false,
    labels: [],
    hasReaction: false,
    productHeaderImageRejected: false,
    lastPlaybackProgress: 0,
    isDynamicReplyButtonsMsg: false,
    isCarouselCard: false,
    parentMsgId: null,
    isMdHistoryMsg: false,
    stickerSentTs: 0,
    isAvatar: false,
    lastUpdateFromServerTs: 0,
    invokedBotWid: null,
    bizBotType: null,
    botResponseTargetId: null,
    botPluginType: null,
    botPluginReferenceIndex: null,
    botPluginSearchProvider: null,
    botPluginSearchUrl: null,
    botPluginMaybeParent: false,
    botReelPluginThumbnailCdnUrl: null,
    botMsgBodyType: null,
    requiresDirectConnection: null,
    bizContentPlaceholderType: null,
    hostedBizEncStateMismatch: false,
    senderOrRecipientAccountTypeHosted: false,
    placeholderCreatedWhenAccountIsHosted: false,
    links: []
  },
  mediaKey: undefined,
  id: {
    fromMe: false,
    remote: '573192565125@c.us',
    id: '4772F044896DD9AB7671E0B685A0596F',
    _serialized: 'false_573192565125@c.us_4772F044896DD9AB7671E0B685A0596F'
  },
  ack: 1,
  hasMedia: false,
  body: 'Hola',
  type: 'chat',
  timestamp: 1709582506,
  from: '573192565125',
  to: '573146631552@c.us',
  author: undefined,
  deviceType: 'android',
  isForwarded: false,
  forwardingScore: 0,
  isStatus: false,
  isStarred: false,
  broadcast: undefined,
  fromMe: false,
  hasQuotedMsg: false,
  hasReaction: false,
  duration: undefined,
  location: undefined,
  vCards: [],
  inviteV4: undefined,
  mentionedIds: [],
  orderId: undefined,
  token: undefined,
  isGif: false,
  isEphemeral: undefined,
  links: []
}
[handleMsg]:  Message {
  _data: {
    id: {
      fromMe: false,
      remote: '573125005599@c.us',
      id: '2819663A7D1B8BB14E',
      _serialized: 'false_573125005599@c.us_2819663A7D1B8BB14E'
    },
    viewed: false,
    body: '1',
    type: 'chat',
    t: 1709582538,
    notifyName: 'Santiago Everardo Orozco',
    from: '573125005599@c.us',
    to: '573146631552@c.us',
    self: 'in',
    ack: 1,
    invis: false,
    isNewMsg: true,
    star: false,
    kicNotified: false,
    recvFresh: true,
    isFromTemplate: false,
    thumbnail: '',
    pollInvalidated: false,
    isSentCagPollCreation: false,
    latestEditMsgKey: null,
    latestEditSenderTimestampMs: null,
    mentionedJidList: [],
    groupMentions: [],
    isEventCanceled: false,
    isVcardOverMmsDocument: false,
    labels: [],
    hasReaction: false,
    ephemeralDuration: 0,
    ephemeralSettingTimestamp: 0,
    disappearingModeInitiator: 'chat',
    disappearingModeTrigger: 'chat_settings',
    productHeaderImageRejected: false,
    lastPlaybackProgress: 0,
    isDynamicReplyButtonsMsg: false,
    isCarouselCard: false,
    parentMsgId: null,
    isMdHistoryMsg: false,
    stickerSentTs: 0,
    isAvatar: false,
    lastUpdateFromServerTs: 0,
    invokedBotWid: null,
    bizBotType: null,
    botResponseTargetId: null,
    botPluginType: null,
    botPluginReferenceIndex: null,
    botPluginSearchProvider: null,
    botPluginSearchUrl: null,
    botPluginMaybeParent: false,
    botReelPluginThumbnailCdnUrl: null,
    botMsgBodyType: null,
    requiresDirectConnection: null,
    bizContentPlaceholderType: null,
    hostedBizEncStateMismatch: false,
    senderOrRecipientAccountTypeHosted: false,
    placeholderCreatedWhenAccountIsHosted: false,
    links: []
  },
  mediaKey: undefined,
  id: {
    fromMe: false,
    remote: '573125005599@c.us',
    id: '2819663A7D1B8BB14E',
    _serialized: 'false_573125005599@c.us_2819663A7D1B8BB14E'
  },
  ack: 1,
  hasMedia: false,
  body: '1',
  type: 'chat',
  timestamp: 1709582538,
  from: '573125005599',
  to: '573146631552@c.us',
  author: undefined,
  deviceType: 'web',
  isForwarded: undefined,
  forwardingScore: 0,
  isStatus: false,
  isStarred: false,
  broadcast: undefined,
  fromMe: false,
  hasQuotedMsg: false,
  hasReaction: false,
  duration: undefined,
  location: undefined,
  vCards: [],
  inviteV4: undefined,
  mentionedIds: [],
  orderId: undefined,
  token: undefined,
  isGif: false,
  isEphemeral: undefined,
  links: []
}
[QUEUE_SE_ENVIO]:  {
  ref: 'ans_c5cd471e-d2ef-4ebc-827b-563fac3af04e',
  keyword: 'key_d5f7d86e-b4ae-45af-88df-4036bf170e6c',
  answer: 'En proyecmari, te podemos ayudar con los siguientes servicios de calidad y sin perjudicar tu bolsillo\n' +
    '\n' +
    '1. Impresi贸n - Copias - Escaneos.锔\n' +
    '2. Redacci贸n de tareas - Trabajos -Diapositivas.\n' +
    '3. Cartas (solicitudes, quejas, reclamos).\n' +
    '4. Descarga de m煤sicaov铆deo(USB).\n' +
    '\n' +
    'No tienes tiempo? comun铆cate al 3146631552 para atenderter谩pidamente.\n' +
    '\n' +
    'Elija el n煤mero del servicio que necesite',
  options: {
    media: null,
    buttons: [],
    capture: false,
    child: null,
    delay: 0,
    idle: null,
    ref: null,
    nested: [
      [Object], [Object],
      [Object], [Object],
      [Object], [Object],
      [Object], [Object]
    ],
    keyword: {},
    callback: false
  },
  refSerialize: '7a2be7d0e23efb97b68fa314ad6e0a3b'
}
[handleMsg]:  Message {
  _data: {
    id: {
      fromMe: false,
      remote: '573125005599@c.us',
      id: '9F94008C03F4F5D876',
      _serialized: 'false_573125005599@c.us_9F94008C03F4F5D876'
    },
    viewed: false,
    body: '2',
    type: 'chat',
    t: 1709582563,
    notifyName: 'Santiago Everardo Orozco',
    from: '573125005599@c.us',
    to: '573146631552@c.us',
    self: 'in',
    ack: 1,
    invis: false,
    isNewMsg: true,
    star: false,
    kicNotified: false,
    recvFresh: true,
    isFromTemplate: false,
    thumbnail: '',
    pollInvalidated: false,
    isSentCagPollCreation: false,
    latestEditMsgKey: null,
    latestEditSenderTimestampMs: null,
    mentionedJidList: [],
    groupMentions: [],
    isEventCanceled: false,
    isVcardOverMmsDocument: false,
    labels: [],
    hasReaction: false,
    ephemeralDuration: 0,
    ephemeralSettingTimestamp: 0,
    disappearingModeInitiator: 'chat',
    disappearingModeTrigger: 'chat_settings',
    productHeaderImageRejected: false,
    lastPlaybackProgress: 0,
    isDynamicReplyButtonsMsg: false,
    isCarouselCard: false,
    parentMsgId: null,
    isMdHistoryMsg: false,
    stickerSentTs: 0,
    isAvatar: false,
    lastUpdateFromServerTs: 0,
    invokedBotWid: null,
    bizBotType: null,
    botResponseTargetId: null,
    botPluginType: null,
    botPluginReferenceIndex: null,
    botPluginSearchProvider: null,
    botPluginSearchUrl: null,
    botPluginMaybeParent: false,
    botReelPluginThumbnailCdnUrl: null,
    botMsgBodyType: null,
    requiresDirectConnection: null,
    bizContentPlaceholderType: null,
    hostedBizEncStateMismatch: false,
    senderOrRecipientAccountTypeHosted: false,
    placeholderCreatedWhenAccountIsHosted: false,
    links: []
  },
  mediaKey: undefined,
  id: {
    fromMe: false,
    remote: '573125005599@c.us',
    id: '9F94008C03F4F5D876',
    _serialized: 'false_573125005599@c.us_9F94008C03F4F5D876'
  },
  ack: 1,
  hasMedia: false,
  body: '2',
  type: 'chat',
  timestamp: 1709582563,
  from: '573125005599',
  to: '573146631552@c.us',
  author: undefined,
  deviceType: 'web',
  isForwarded: undefined,
  forwardingScore: 0,
  isStatus: false,
  isStarred: false,
  broadcast: undefined,
  fromMe: false,
  hasQuotedMsg: false,
  hasReaction: false,
  duration: undefined,
  location: undefined,
  vCards: [],
  inviteV4: undefined,
  mentionedIds: [],
  orderId: undefined,
  token: undefined,
  isGif: false,
  isEphemeral: undefined,
  links: []
}
[QUEUE_SE_ENVIO]:  {
  ref: 'ans_34c1c744-b1cd-417e-8694-07f52ecc6206',
  keyword: 'key_01e1eb0b-0e76-4f1f-81ae-fb72c3729acd',
  answer: 'Para nosotros es un placer ayudarte en tus tareas y trabajos; el valor de este servicio var铆a seg煤n lo que necesite.\n' +
    '\n' +
    'Dejanos un mensaje con la informaci贸n, pronto estaremoscontigo 锔',
  options: {
    media: null,
    buttons: [],
    capture: false,
    child: null,
    delay: 0,
    idle: null,
    ref: null,
    nested: [],
    keyword: {},
    callback: false
  },
  refSerialize: '3d8d8d731b7f5d6921864efa94c43cdc'
}
[handleMsg]:  Message {
  _data: {
    id: {
      fromMe: false,
      remote: '573192565125@c.us',
      id: 'BE94CD9FE9A0CAE8E4D6F1A48DBFCE7C',
      _serialized: 'false_573192565125@c.us_BE94CD9FE9A0CAE8E4D6F1A48DBFCE7C'
    },
    viewed: false,
    body: '1',
    type: 'chat',
    t: 1709582615,
    notifyName: 'Robert L贸pez',
    from: '573192565125@c.us',
    to: '573146631552@c.us',
    self: 'in',
    ack: 1,
    invis: false,
    isNewMsg: true,
    star: false,
    kicNotified: false,
    recvFresh: true,
    isFromTemplate: false,
    pollInvalidated: false,
    isSentCagPollCreation: false,
    latestEditMsgKey: null,
    latestEditSenderTimestampMs: null,
    mentionedJidList: [],
    groupMentions: [],
    isEventCanceled: false,
    isVcardOverMmsDocument: false,
    isForwarded: false,
    labels: [],
    hasReaction: false,
    productHeaderImageRejected: false,
    lastPlaybackProgress: 0,
    isDynamicReplyButtonsMsg: false,
    isCarouselCard: false,
    parentMsgId: null,
    isMdHistoryMsg: false,
    stickerSentTs: 0,
    isAvatar: false,
    lastUpdateFromServerTs: 0,
    invokedBotWid: null,
    bizBotType: null,
    botResponseTargetId: null,
    botPluginType: null,
    botPluginReferenceIndex: null,
    botPluginSearchProvider: null,
    botPluginSearchUrl: null,
    botPluginMaybeParent: false,
    botReelPluginThumbnailCdnUrl: null,
    botMsgBodyType: null,
    requiresDirectConnection: null,
    bizContentPlaceholderType: null,
    hostedBizEncStateMismatch: false,
    senderOrRecipientAccountTypeHosted: false,
    placeholderCreatedWhenAccountIsHosted: false,
    links: []
  },
  mediaKey: undefined,
  id: {
    fromMe: false,
    remote: '573192565125@c.us',
    id: 'BE94CD9FE9A0CAE8E4D6F1A48DBFCE7C',
    _serialized: 'false_573192565125@c.us_BE94CD9FE9A0CAE8E4D6F1A48DBFCE7C'
  },
  ack: 1,
  hasMedia: false,
  body: '1',
  type: 'chat',
  timestamp: 1709582615,
  from: '573192565125',
  to: '573146631552@c.us',
  author: undefined,
  deviceType: 'android',
  isForwarded: false,
  forwardingScore: 0,
  isStatus: false,
  isStarred: false,
  broadcast: undefined,
  fromMe: false,
  hasQuotedMsg: false,
  hasReaction: false,
  duration: undefined,
  location: undefined,
  vCards: [],
  inviteV4: undefined,
  mentionedIds: [],
  orderId: undefined,
  token: undefined,
  isGif: false,
  isEphemeral: undefined,
  links: []
}
[QUEUE_SE_ENVIO]:  {
  ref: 'ans_6a9e17a8-16ad-48cf-9018-12745a4a8ee0',
  keyword: 'key_2eed1687-8d80-4494-900c-a93f3c1da65a',
  answer: 'Muchas gracias por comunicarte con Proyecmari',
  options: {
    media: null,
    buttons: [],
    capture: false,
    child: null,
    delay: 0,
    idle: null,
    ref: null,
    nested: [],
    keyword: {},
    callback: false
  },
  refSerialize: 'e4abbc44b0befb414eb3542987b8b00a'
}
[QUEUE_SE_ENVIO]:  {
  ref: 'ans_4eca54e2-97c8-4e18-962e-78d499b73c83',
  keyword: 'ans_6a9e17a8-16ad-48cf-9018-12745a4a8ee0',
  answer: 'Te ofrecemos los siguientes servicios: Copias, Impresi贸n, Trabajos de investigaci贸n.\n' +
    'Para conocer m谩s serviciosmarque1.',
  options: {
    media: null,
    buttons: [],
    capture: false,
    child: null,
    delay: 0,
    idle: null,
    ref: null,
    nested: [ [Object], [Object] ],
    keyword: {},
    callback: false
  },
  refSerialize: '10b98c67062a40e4ff95ddf64529a4da'
}
[handleMsg]:  Message {
  _data: {
    id: {
      fromMe: false,
      remote: '573192565125@c.us',
      id: '6376DB5F2F3EDD52CB25D781D842AEBE',
      _serialized: 'false_573192565125@c.us_6376DB5F2F3EDD52CB25D781D842AEBE'
    },
    viewed: false,
    body: '1',
    type: 'chat',
    t: 1709582638,
    notifyName: 'Robert L贸pez',
    from: '573192565125@c.us',
    to: '573146631552@c.us',
    self: 'in',
    ack: 1,
    invis: false,
    isNewMsg: true,
    star: false,
    kicNotified: false,
    recvFresh: true,
    isFromTemplate: false,
    pollInvalidated: false,
    isSentCagPollCreation: false,
    latestEditMsgKey: null,
    latestEditSenderTimestampMs: null,
    mentionedJidList: [],
    groupMentions: [],
    isEventCanceled: false,
    isVcardOverMmsDocument: false,
    isForwarded: false,
    labels: [],
    hasReaction: false,
    productHeaderImageRejected: false,
    lastPlaybackProgress: 0,
    isDynamicReplyButtonsMsg: false,
    isCarouselCard: false,
    parentMsgId: null,
    isMdHistoryMsg: false,
    stickerSentTs: 0,
    isAvatar: false,
    lastUpdateFromServerTs: 0,
    invokedBotWid: null,
    bizBotType: null,
    botResponseTargetId: null,
    botPluginType: null,
    botPluginReferenceIndex: null,
    botPluginSearchProvider: null,
    botPluginSearchUrl: null,
    botPluginMaybeParent: false,
    botReelPluginThumbnailCdnUrl: null,
    botMsgBodyType: null,
    requiresDirectConnection: null,
    bizContentPlaceholderType: null,
    hostedBizEncStateMismatch: false,
    senderOrRecipientAccountTypeHosted: false,
    placeholderCreatedWhenAccountIsHosted: false,
    links: []
  },
  mediaKey: undefined,
  id: {
    fromMe: false,
    remote: '573192565125@c.us',
    id: '6376DB5F2F3EDD52CB25D781D842AEBE',
    _serialized: 'false_573192565125@c.us_6376DB5F2F3EDD52CB25D781D842AEBE'
  },
  ack: 1,
  hasMedia: false,
  body: '1',
  type: 'chat',
  timestamp: 1709582638,
  from: '573192565125',
  to: '573146631552@c.us',
  author: undefined,
  deviceType: 'android',
  isForwarded: false,
  forwardingScore: 0,
  isStatus: false,
  isStarred: false,
  broadcast: undefined,
  fromMe: false,
  hasQuotedMsg: false,
  hasReaction: false,
  duration: undefined,
  location: undefined,
  vCards: [],
  inviteV4: undefined,
  mentionedIds: [],
  orderId: undefined,
  token: undefined,
  isGif: false,
  isEphemeral: undefined,
  links: []
}
[QUEUE_SE_ENVIO]:  {
  ref: 'ans_c5cd471e-d2ef-4ebc-827b-563fac3af04e',
  keyword: 'key_d5f7d86e-b4ae-45af-88df-4036bf170e6c',
  answer: 'En proyecmari, te podemos ayudar con los siguientes servicios de calidad y sin perjudicar tu bolsillo\n' +
    '\n' +
    '1. Impresi贸n - Copias - Escaneos.锔\n' +
    '2. Redacci贸n de tareas - Trabajos -Diapositivas.\n' +
    '3. Cartas (solicitudes, quejas, reclamos).\n' +
    '4. Descarga de m煤sicaov铆deo(USB).\n' +
    '\n' +
    'No tienes tiempo? comun铆cate al 3146631552 para atenderter谩pidamente.\n' +
    '\n' +
    'Elija el n煤mero del servicio que necesite',
  options: {
    media: null,
    buttons: [],
    capture: false,
    child: null,
    delay: 0,
    idle: null,
    ref: null,
    nested: [
      [Object], [Object],
      [Object], [Object],
      [Object], [Object],
      [Object], [Object]
    ],
    keyword: {},
    callback: false
  },
  refSerialize: '7a2be7d0e23efb97b68fa314ad6e0a3b'
}
[handleMsg]:  Message {
  _data: {
    id: {
      fromMe: false,
      remote: '573192565125@c.us',
      id: '80E40769AE3775952B08B41B1ECF090E',
      _serialized: 'false_573192565125@c.us_80E40769AE3775952B08B41B1ECF090E'
    },
    viewed: false,
    body: '3',
    type: 'chat',
    t: 1709582657,
    notifyName: 'Robert L贸pez',
    from: '573192565125@c.us',
    to: '573146631552@c.us',
    self: 'in',
    ack: 1,
    invis: false,
    isNewMsg: true,
    star: false,
    kicNotified: false,
    recvFresh: true,
    isFromTemplate: false,
    pollInvalidated: false,
    isSentCagPollCreation: false,
    latestEditMsgKey: null,
    latestEditSenderTimestampMs: null,
    mentionedJidList: [],
    groupMentions: [],
    isEventCanceled: false,
    isVcardOverMmsDocument: false,
    isForwarded: false,
    labels: [],
    hasReaction: false,
    productHeaderImageRejected: false,
    lastPlaybackProgress: 0,
    isDynamicReplyButtonsMsg: false,
    isCarouselCard: false,
    parentMsgId: null,
    isMdHistoryMsg: false,
    stickerSentTs: 0,
    isAvatar: false,
    lastUpdateFromServerTs: 0,
    invokedBotWid: null,
    bizBotType: null,
    botResponseTargetId: null,
    botPluginType: null,
    botPluginReferenceIndex: null,
    botPluginSearchProvider: null,
    botPluginSearchUrl: null,
    botPluginMaybeParent: false,
    botReelPluginThumbnailCdnUrl: null,
    botMsgBodyType: null,
    requiresDirectConnection: null,
    bizContentPlaceholderType: null,
    hostedBizEncStateMismatch: false,
    senderOrRecipientAccountTypeHosted: false,
    placeholderCreatedWhenAccountIsHosted: false,
    links: []
  },
  mediaKey: undefined,
  id: {
    fromMe: false,
    remote: '573192565125@c.us',
    id: '80E40769AE3775952B08B41B1ECF090E',
    _serialized: 'false_573192565125@c.us_80E40769AE3775952B08B41B1ECF090E'
  },
  ack: 1,
  hasMedia: false,
  body: '3',
  type: 'chat',
  timestamp: 1709582657,
  from: '573192565125',
  to: '573146631552@c.us',
  author: undefined,
  deviceType: 'android',
  isForwarded: false,
  forwardingScore: 0,
  isStatus: false,
  isStarred: false,
  broadcast: undefined,
  fromMe: false,
  hasQuotedMsg: false,
  hasReaction: false,
  duration: undefined,
  location: undefined,
  vCards: [],
  inviteV4: undefined,
  mentionedIds: [],
  orderId: undefined,
  token: undefined,
  isGif: false,
  isEphemeral: undefined,
  links: []
}
[QUEUE_SE_ENVIO]:  {
  ref: 'ans_fc52a65c-5286-40fa-a465-e9c60453ea24',
  keyword: 'key_6431e1e5-ec05-4a3e-a216-717962bdfb9c',
  answer: 'Para nosotros es un placer ayudarte con la documentaci贸n que requieras\n' +
    '\n' +
    'El valor es 1500 por cada documento.\n' +
    '\n' +
    'Dejanos un mensaje con la informaci贸n, pronto estaremoscontigo 锔',
  options: {
    media: null,
    buttons: [],
    capture: false,
    child: null,
    delay: 0,
    idle: null,
    ref: null,
    nested: [],
    keyword: {},
    callback: false
  },
  refSerialize: '6a4f951afc8ea52c26721c56908d0308'
}
[handleMsg]:  Message {
  _data: {
    id: {
      fromMe: false,
      remote: '573192565125@c.us',
      id: '0BF1DBE0BEAA199DDF201639C79A5D67',
      _serialized: 'false_573192565125@c.us_0BF1DBE0BEAA199DDF201639C79A5D67'
    },
    viewed: false,
    body: 'Tranquilo',
    type: 'chat',
    t: 1709582687,
    notifyName: 'Robert L贸pez',
    from: '573192565125@c.us',
    to: '573146631552@c.us',
    self: 'in',
    ack: 1,
    invis: false,
    isNewMsg: true,
    star: false,
    kicNotified: false,
    recvFresh: true,
    isFromTemplate: false,
    pollInvalidated: false,
    isSentCagPollCreation: false,
    latestEditMsgKey: null,
    latestEditSenderTimestampMs: null,
    mentionedJidList: [],
    groupMentions: [],
    isEventCanceled: false,
    isVcardOverMmsDocument: false,
    isForwarded: false,
    labels: [],
    hasReaction: false,
    productHeaderImageRejected: false,
    lastPlaybackProgress: 0,
    isDynamicReplyButtonsMsg: false,
    isCarouselCard: false,
    parentMsgId: null,
    isMdHistoryMsg: false,
    stickerSentTs: 0,
    isAvatar: false,
    lastUpdateFromServerTs: 0,
    invokedBotWid: null,
    bizBotType: null,
    botResponseTargetId: null,
    botPluginType: null,
    botPluginReferenceIndex: null,
    botPluginSearchProvider: null,
    botPluginSearchUrl: null,
    botPluginMaybeParent: false,
    botReelPluginThumbnailCdnUrl: null,
    botMsgBodyType: null,
    requiresDirectConnection: null,
    bizContentPlaceholderType: null,
    hostedBizEncStateMismatch: false,
    senderOrRecipientAccountTypeHosted: false,
    placeholderCreatedWhenAccountIsHosted: false,
    links: []
  },
  mediaKey: undefined,
  id: {
    fromMe: false,
    remote: '573192565125@c.us',
    id: '0BF1DBE0BEAA199DDF201639C79A5D67',
    _serialized: 'false_573192565125@c.us_0BF1DBE0BEAA199DDF201639C79A5D67'
  },
  ack: 1,
  hasMedia: false,
  body: 'Tranquilo',
  type: 'chat',
  timestamp: 1709582687,
  from: '573192565125',
  to: '573146631552@c.us',
  author: undefined,
  deviceType: 'android',
  isForwarded: false,
  forwardingScore: 0,
  isStatus: false,
  isStarred: false,
  broadcast: undefined,
  fromMe: false,
  hasQuotedMsg: false,
  hasReaction: false,
  duration: undefined,
  location: undefined,
  vCards: [],
  inviteV4: undefined,
  mentionedIds: [],
  orderId: undefined,
  token: undefined,
  isGif: false,
  isEphemeral: undefined,
  links: []
}
[QUEUE_SE_ENVIO]:  {
  ref: 'ans_6a9e17a8-16ad-48cf-9018-12745a4a8ee0',
  keyword: 'key_2eed1687-8d80-4494-900c-a93f3c1da65a',
  answer: 'Muchas gracias por comunicarte con Proyecmari',
  options: {
    media: null,
    buttons: [],
    capture: false,
    child: null,
    delay: 0,
    idle: null,
    ref: null,
    nested: [],
    keyword: {},
    callback: false
  },
  refSerialize: 'e4abbc44b0befb414eb3542987b8b00a'
}
[QUEUE_SE_ENVIO]:  {
  ref: 'ans_4eca54e2-97c8-4e18-962e-78d499b73c83',
  keyword: 'ans_6a9e17a8-16ad-48cf-9018-12745a4a8ee0',
  answer: 'Te ofrecemos los siguientes servicios: Copias, Impresi贸n, Trabajos de investigaci贸n.\n' +
    'Para conocer m谩s serviciosmarque1.',
  options: {
    media: null,
    buttons: [],
    capture: false,
    child: null,
    delay: 0,
    idle: null,
    ref: null,
    nested: [ [Object], [Object] ],
    keyword: {},
    callback: false
  },
  refSerialize: '10b98c67062a40e4ff95ddf64529a4da'
}
[handleMsg]:  Message {
  _data: {
    id: {
      fromMe: false,
      remote: '573244168251@c.us',
      id: 'A9CDE38B74DDFFB92CD8EECA459D0AF5',
      _serialized: 'false_573244168251@c.us_A9CDE38B74DDFFB92CD8EECA459D0AF5'
    },
    viewed: false,
    body: 'Hola',
    type: 'chat',
    t: 1709582702,
    notifyName: 'Maria Orozco',
    from: '573244168251@c.us',
    to: '573146631552@c.us',
    self: 'in',
    ack: 1,
    invis: false,
    isNewMsg: true,
    star: false,
    kicNotified: false,
    recvFresh: true,
    isFromTemplate: false,
    pollInvalidated: false,
    isSentCagPollCreation: false,
    latestEditMsgKey: null,
    latestEditSenderTimestampMs: null,
    mentionedJidList: [],
    groupMentions: [],
    isEventCanceled: false,
    isVcardOverMmsDocument: false,
    isForwarded: false,
    labels: [],
    hasReaction: false,
    productHeaderImageRejected: false,
    lastPlaybackProgress: 0,
    isDynamicReplyButtonsMsg: false,
    isCarouselCard: false,
    parentMsgId: null,
    isMdHistoryMsg: false,
    stickerSentTs: 0,
    isAvatar: false,
    lastUpdateFromServerTs: 0,
    invokedBotWid: null,
    bizBotType: null,
    botResponseTargetId: null,
    botPluginType: null,
    botPluginReferenceIndex: null,
    botPluginSearchProvider: null,
    botPluginSearchUrl: null,
    botPluginMaybeParent: false,
    botReelPluginThumbnailCdnUrl: null,
    botMsgBodyType: null,
    requiresDirectConnection: null,
    bizContentPlaceholderType: null,
    hostedBizEncStateMismatch: false,
    senderOrRecipientAccountTypeHosted: false,
    placeholderCreatedWhenAccountIsHosted: false,
    links: []
  },
  mediaKey: undefined,
  id: {
    fromMe: false,
    remote: '573244168251@c.us',
    id: 'A9CDE38B74DDFFB92CD8EECA459D0AF5',
    _serialized: 'false_573244168251@c.us_A9CDE38B74DDFFB92CD8EECA459D0AF5'
  },
  ack: 1,
  hasMedia: false,
  body: 'Hola',
  type: 'chat',
  timestamp: 1709582702,
  from: '573244168251',
  to: '573146631552@c.us',
  author: undefined,
  deviceType: 'android',
  isForwarded: false,
  forwardingScore: 0,
  isStatus: false,
  isStarred: false,
  broadcast: undefined,
  fromMe: false,
  hasQuotedMsg: false,
  hasReaction: false,
  duration: undefined,
  location: undefined,
  vCards: [],
  inviteV4: undefined,
  mentionedIds: [],
  orderId: undefined,
  token: undefined,
  isGif: false,
  isEphemeral: undefined,
  links: []
}
[QUEUE_SE_ENVIO]:  {
  ref: 'ans_6a9e17a8-16ad-48cf-9018-12745a4a8ee0',
  keyword: 'key_2eed1687-8d80-4494-900c-a93f3c1da65a',
  answer: 'Muchas gracias por comunicarte con Proyecmari',
  options: {
    media: null,
    buttons: [],
    capture: false,
    child: null,
    delay: 0,
    idle: null,
    ref: null,
    nested: [],
    keyword: {},
    callback: false
  },
  refSerialize: 'e4abbc44b0befb414eb3542987b8b00a'
}
[QUEUE_SE_ENVIO]:  {
  ref: 'ans_4eca54e2-97c8-4e18-962e-78d499b73c83',
  keyword: 'ans_6a9e17a8-16ad-48cf-9018-12745a4a8ee0',
  answer: 'Te ofrecemos los siguientes servicios: Copias, Impresi贸n, Trabajos de investigaci贸n.\n' +
    'Para conocer m谩s serviciosmarque1.',
  options: {
    media: null,
    buttons: [],
    capture: false,
    child: null,
    delay: 0,
    idle: null,
    ref: null,
    nested: [ [Object], [Object] ],
    keyword: {},
    callback: false
  },
  refSerialize: '10b98c67062a40e4ff95ddf64529a4da'
}
[handleMsg]:  Message {
  _data: {
    id: {
      fromMe: false,
      remote: '573244168251@c.us',
      id: '6CA117061599B00AF4E371ACA106BEBA',
      _serialized: 'false_573244168251@c.us_6CA117061599B00AF4E371ACA106BEBA'
    },
    viewed: false,
    body: '1',
    type: 'chat',
    t: 1709582710,
    notifyName: 'Maria Orozco',
    from: '573244168251@c.us',
    to: '573146631552@c.us',
    self: 'in',
    ack: 1,
    invis: false,
    isNewMsg: true,
    star: false,
    kicNotified: false,
    recvFresh: true,
    isFromTemplate: false,
    pollInvalidated: false,
    isSentCagPollCreation: false,
    latestEditMsgKey: null,
    latestEditSenderTimestampMs: null,
    mentionedJidList: [],
    groupMentions: [],
    isEventCanceled: false,
    isVcardOverMmsDocument: false,
    isForwarded: false,
    labels: [],
    hasReaction: false,
    productHeaderImageRejected: false,
    lastPlaybackProgress: 0,
    isDynamicReplyButtonsMsg: false,
    isCarouselCard: false,
    parentMsgId: null,
    isMdHistoryMsg: false,
    stickerSentTs: 0,
    isAvatar: false,
    lastUpdateFromServerTs: 0,
    invokedBotWid: null,
    bizBotType: null,
    botResponseTargetId: null,
    botPluginType: null,
    botPluginReferenceIndex: null,
    botPluginSearchProvider: null,
    botPluginSearchUrl: null,
    botPluginMaybeParent: false,
    botReelPluginThumbnailCdnUrl: null,
    botMsgBodyType: null,
    requiresDirectConnection: null,
    bizContentPlaceholderType: null,
    hostedBizEncStateMismatch: false,
    senderOrRecipientAccountTypeHosted: false,
    placeholderCreatedWhenAccountIsHosted: false,
    links: []
  },
  mediaKey: undefined,
  id: {
    fromMe: false,
    remote: '573244168251@c.us',
    id: '6CA117061599B00AF4E371ACA106BEBA',
    _serialized: 'false_573244168251@c.us_6CA117061599B00AF4E371ACA106BEBA'
  },
  ack: 1,
  hasMedia: false,
  body: '1',
  type: 'chat',
  timestamp: 1709582710,
  from: '573244168251',
  to: '573146631552@c.us',
  author: undefined,
  deviceType: 'android',
  isForwarded: false,
  forwardingScore: 0,
  isStatus: false,
  isStarred: false,
  broadcast: undefined,
  fromMe: false,
  hasQuotedMsg: false,
  hasReaction: false,
  duration: undefined,
  location: undefined,
  vCards: [],
  inviteV4: undefined,
  mentionedIds: [],
  orderId: undefined,
  token: undefined,
  isGif: false,
  isEphemeral: undefined,
  links: []
}
[QUEUE_SE_ENVIO]:  {
  ref: 'ans_c5cd471e-d2ef-4ebc-827b-563fac3af04e',
  keyword: 'key_d5f7d86e-b4ae-45af-88df-4036bf170e6c',
  answer: 'En proyecmari, te podemos ayudar con los siguientes servicios de calidad y sin perjudicar tu bolsillo\n' +
    '\n' +
    '1. Impresi贸n - Copias - Escaneos.锔\n' +
    '2. Redacci贸n de tareas - Trabajos -Diapositivas.\n' +
    '3. Cartas (solicitudes, quejas, reclamos).\n' +
    '4. Descarga de m煤sicaov铆deo(USB).\n' +
    '\n' +
    'No tienes tiempo? comun铆cate al 3146631552 para atenderter谩pidamente.\n' +
    '\n' +
    'Elija el n煤mero del servicio que necesite',
  options: {
    media: null,
    buttons: [],
    capture: false,
    child: null,
    delay: 0,
    idle: null,
    ref: null,
    nested: [
      [Object], [Object],
      [Object], [Object],
      [Object], [Object],
      [Object], [Object]
    ],
    keyword: {},
    callback: false
  },
  refSerialize: '7a2be7d0e23efb97b68fa314ad6e0a3b'
}
[handleMsg]:  Message {
  _data: {
    id: {
      fromMe: false,
      remote: '573244168251@c.us',
      id: 'DA0C744513A575D48C9C7CBA07E01B5A',
      _serialized: 'false_573244168251@c.us_DA0C744513A575D48C9C7CBA07E01B5A'
    },
    viewed: false,
    body: '3',
    type: 'chat',
    t: 1709582721,
    notifyName: 'Maria Orozco',
    from: '573244168251@c.us',
    to: '573146631552@c.us',
    self: 'in',
    ack: 1,
    invis: false,
    isNewMsg: true,
    star: false,
    kicNotified: false,
    recvFresh: true,
    isFromTemplate: false,
    pollInvalidated: false,
    isSentCagPollCreation: false,
    latestEditMsgKey: null,
    latestEditSenderTimestampMs: null,
    mentionedJidList: [],
    groupMentions: [],
    isEventCanceled: false,
    isVcardOverMmsDocument: false,
    isForwarded: false,
    labels: [],
    hasReaction: false,
    productHeaderImageRejected: false,
    lastPlaybackProgress: 0,
    isDynamicReplyButtonsMsg: false,
    isCarouselCard: false,
    parentMsgId: null,
    isMdHistoryMsg: false,
    stickerSentTs: 0,
    isAvatar: false,
    lastUpdateFromServerTs: 0,
    invokedBotWid: null,
    bizBotType: null,
    botResponseTargetId: null,
    botPluginType: null,
    botPluginReferenceIndex: null,
    botPluginSearchProvider: null,
    botPluginSearchUrl: null,
    botPluginMaybeParent: false,
    botReelPluginThumbnailCdnUrl: null,
    botMsgBodyType: null,
    requiresDirectConnection: null,
    bizContentPlaceholderType: null,
    hostedBizEncStateMismatch: false,
    senderOrRecipientAccountTypeHosted: false,
    placeholderCreatedWhenAccountIsHosted: false,
    links: []
  },
  mediaKey: undefined,
  id: {
    fromMe: false,
    remote: '573244168251@c.us',
    id: 'DA0C744513A575D48C9C7CBA07E01B5A',
    _serialized: 'false_573244168251@c.us_DA0C744513A575D48C9C7CBA07E01B5A'
  },
  ack: 1,
  hasMedia: false,
  body: '3',
  type: 'chat',
  timestamp: 1709582721,
  from: '573244168251',
  to: '573146631552@c.us',
  author: undefined,
  deviceType: 'android',
  isForwarded: false,
  forwardingScore: 0,
  isStatus: false,
  isStarred: false,
  broadcast: undefined,
  fromMe: false,
  hasQuotedMsg: false,
  hasReaction: false,
  duration: undefined,
  location: undefined,
  vCards: [],
  inviteV4: undefined,
  mentionedIds: [],
  orderId: undefined,
  token: undefined,
  isGif: false,
  isEphemeral: undefined,
  links: []
}
[QUEUE_SE_ENVIO]:  {
  ref: 'ans_fc52a65c-5286-40fa-a465-e9c60453ea24',
  keyword: 'key_6431e1e5-ec05-4a3e-a216-717962bdfb9c',
  answer: 'Para nosotros es un placer ayudarte con la documentaci贸n que requieras\n' +
    '\n' +
    'El valor es 1500 por cada documento.\n' +
    '\n' +
    'Dejanos un mensaje con la informaci贸n, pronto estaremoscontigo 锔',
  options: {
    media: null,
    buttons: [],
    capture: false,
    child: null,
    delay: 0,
    idle: null,
    ref: null,
    nested: [],
    keyword: {},
    callback: false
  },
  refSerialize: '6a4f951afc8ea52c26721c56908d0308'
}
[handleMsg]:  Message {
  _data: {
    id: {
      fromMe: false,
      remote: '573244168251@c.us',
      id: '277BCD959F10C4F79F8FB1C2B41E2353',
      _serialized: 'false_573244168251@c.us_277BCD959F10C4F79F8FB1C2B41E2353'
    },
    viewed: false,
    body: '.',
    type: 'chat',
    t: 1709582729,
    notifyName: 'Maria Orozco',
    from: '573244168251@c.us',
    to: '573146631552@c.us',
    self: 'in',
    ack: 1,
    invis: false,
    isNewMsg: true,
    star: false,
    kicNotified: false,
    recvFresh: true,
    isFromTemplate: false,
    pollInvalidated: false,
    isSentCagPollCreation: false,
    latestEditMsgKey: null,
    latestEditSenderTimestampMs: null,
    mentionedJidList: [],
    groupMentions: [],
    isEventCanceled: false,
    isVcardOverMmsDocument: false,
    isForwarded: false,
    labels: [],
    hasReaction: false,
    productHeaderImageRejected: false,
    lastPlaybackProgress: 0,
    isDynamicReplyButtonsMsg: false,
    isCarouselCard: false,
    parentMsgId: null,
    isMdHistoryMsg: false,
    stickerSentTs: 0,
    isAvatar: false,
    lastUpdateFromServerTs: 0,
    invokedBotWid: null,
    bizBotType: null,
    botResponseTargetId: null,
    botPluginType: null,
    botPluginReferenceIndex: null,
    botPluginSearchProvider: null,
    botPluginSearchUrl: null,
    botPluginMaybeParent: false,
    botReelPluginThumbnailCdnUrl: null,
    botMsgBodyType: null,
    requiresDirectConnection: null,
    bizContentPlaceholderType: null,
    hostedBizEncStateMismatch: false,
    senderOrRecipientAccountTypeHosted: false,
    placeholderCreatedWhenAccountIsHosted: false,
    links: []
  },
  mediaKey: undefined,
  id: {
    fromMe: false,
    remote: '573244168251@c.us',
    id: '277BCD959F10C4F79F8FB1C2B41E2353',
    _serialized: 'false_573244168251@c.us_277BCD959F10C4F79F8FB1C2B41E2353'
  },
  ack: 1,
  hasMedia: false,
  body: '.',
  type: 'chat',
  timestamp: 1709582729,
  from: '573244168251',
  to: '573146631552@c.us',
  author: undefined,
  deviceType: 'android',
  isForwarded: false,
  forwardingScore: 0,
  isStatus: false,
  isStarred: false,
  broadcast: undefined,
  fromMe: false,
  hasQuotedMsg: false,
  hasReaction: false,
  duration: undefined,
  location: undefined,
  vCards: [],
  inviteV4: undefined,
  mentionedIds: [],
  orderId: undefined,
  token: undefined,
  isGif: false,
  isEphemeral: undefined,
  links: []
}
[QUEUE_SE_ENVIO]:  {
  ref: 'ans_6a9e17a8-16ad-48cf-9018-12745a4a8ee0',
  keyword: 'key_2eed1687-8d80-4494-900c-a93f3c1da65a',
  answer: 'Muchas gracias por comunicarte con Proyecmari',
  options: {
    media: null,
    buttons: [],
    capture: false,
    child: null,
    delay: 0,
    idle: null,
    ref: null,
    nested: [],
    keyword: {},
    callback: false
  },
  refSerialize: 'e4abbc44b0befb414eb3542987b8b00a'
}
[QUEUE_SE_ENVIO]:  {
  ref: 'ans_4eca54e2-97c8-4e18-962e-78d499b73c83',
  keyword: 'ans_6a9e17a8-16ad-48cf-9018-12745a4a8ee0',
  answer: 'Te ofrecemos los siguientes servicios: Copias, Impresi贸n, Trabajos de investigaci贸n.\n' +
    'Para conocer m谩s serviciosmarque1.',
  options: {
    media: null,
    buttons: [],
    capture: false,
    child: null,
    delay: 0,
    idle: null,
    ref: null,
    nested: [ [Object], [Object] ],
    keyword: {},
    callback: false
  },
  refSerialize: '10b98c67062a40e4ff95ddf64529a4da'
}
[handleMsg]:  Message {
  _data: {
    id: {
      fromMe: false,
      remote: '573244168251@c.us',
      id: 'FF0D805DDA59AE35BD55F842CF05CB5D',
      _serialized: 'false_573244168251@c.us_FF0D805DDA59AE35BD55F842CF05CB5D'
    },
    viewed: false,
    body: 'Ok',
    type: 'chat',
    t: 1709582740,
    notifyName: 'Maria Orozco',
    from: '573244168251@c.us',
    to: '573146631552@c.us',
    self: 'in',
    ack: 1,
    invis: false,
    isNewMsg: true,
    star: false,
    kicNotified: false,
    recvFresh: true,
    isFromTemplate: false,
    pollInvalidated: false,
    isSentCagPollCreation: false,
    latestEditMsgKey: null,
    latestEditSenderTimestampMs: null,
    mentionedJidList: [],
    groupMentions: [],
    isEventCanceled: false,
    isVcardOverMmsDocument: false,
    isForwarded: false,
    labels: [],
    hasReaction: false,
    productHeaderImageRejected: false,
    lastPlaybackProgress: 0,
    isDynamicReplyButtonsMsg: false,
    isCarouselCard: false,
    parentMsgId: null,
    isMdHistoryMsg: false,
    stickerSentTs: 0,
    isAvatar: false,
    lastUpdateFromServerTs: 0,
    invokedBotWid: null,
    bizBotType: null,
    botResponseTargetId: null,
    botPluginType: null,
    botPluginReferenceIndex: null,
    botPluginSearchProvider: null,
    botPluginSearchUrl: null,
    botPluginMaybeParent: false,
    botReelPluginThumbnailCdnUrl: null,
    botMsgBodyType: null,
    requiresDirectConnection: null,
    bizContentPlaceholderType: null,
    hostedBizEncStateMismatch: false,
    senderOrRecipientAccountTypeHosted: false,
    placeholderCreatedWhenAccountIsHosted: false,
    links: []
  },
  mediaKey: undefined,
  id: {
    fromMe: false,
    remote: '573244168251@c.us',
    id: 'FF0D805DDA59AE35BD55F842CF05CB5D',
    _serialized: 'false_573244168251@c.us_FF0D805DDA59AE35BD55F842CF05CB5D'
  },
  ack: 1,
  hasMedia: false,
  body: 'Ok',
  type: 'chat',
  timestamp: 1709582740,
  from: '573244168251',
  to: '573146631552@c.us',
  author: undefined,
  deviceType: 'android',
  isForwarded: false,
  forwardingScore: 0,
  isStatus: false,
  isStarred: false,
  broadcast: undefined,
  fromMe: false,
  hasQuotedMsg: false,
  hasReaction: false,
  duration: undefined,
  location: undefined,
  vCards: [],
  inviteV4: undefined,
  mentionedIds: [],
  orderId: undefined,
  token: undefined,
  isGif: false,
  isEphemeral: undefined,
  links: []
}
