[0304/145626.594:INFO:CONSOLE(0)] "Error with Permissions-Policy header: Feature xr-spatial-tracking's parameters are ignored.", source:  (0)
[0304/145626.595:INFO:CONSOLE(0)] "Error with Permissions-Policy header: Unrecognized feature: 'ambient-light-sensor'.", source:  (0)
[0304/145626.595:INFO:CONSOLE(0)] "Error with Permissions-Policy header: Unrecognized feature: 'bluetooth'.", source:  (0)
[0304/145626.595:INFO:CONSOLE(0)] "Error with Permissions-Policy header: Unrecognized feature: 'gamepad'.", source:  (0)
[0304/145626.595:INFO:CONSOLE(0)] "Error with Permissions-Policy header: Unrecognized feature: 'local-fonts'.", source:  (0)
[0304/145626.595:INFO:CONSOLE(0)] "Error with Permissions-Policy header: Unrecognized feature: 'window-management'.", source:  (0)
[0304/145626.595:INFO:CONSOLE(0)] "Error with Permissions-Policy-Report-Only header: Feature picture-in-picture's parameters are ignored.", source:  (0)
[0304/145642.838:INFO:CONSOLE(215)] "Another connection wants to delete database 'wawc_db_enc'. Closing db now to resume the delete request.", source: https://web.whatsapp.com/WAWebWorker.68f62ec7071acf4a54a6.worker.js (215)
[0304/145642.839:INFO:CONSOLE(216)] "Another connection wants to delete database 'wawc_db_enc'. Closing db now to resume the delete request.", source: https://web.whatsapp.com/app.1348daccac22f513cdcb.js (216)
[0304/145643.122:INFO:CONSOLE(0)] "Error with Permissions-Policy header: Feature xr-spatial-tracking's parameters are ignored.", source:  (0)
[0304/145643.122:INFO:CONSOLE(0)] "Error with Permissions-Policy header: Unrecognized feature: 'ambient-light-sensor'.", source:  (0)
[0304/145643.122:INFO:CONSOLE(0)] "Error with Permissions-Policy header: Unrecognized feature: 'bluetooth'.", source:  (0)
[0304/145643.122:INFO:CONSOLE(0)] "Error with Permissions-Policy header: Unrecognized feature: 'gamepad'.", source:  (0)
[0304/145643.123:INFO:CONSOLE(0)] "Error with Permissions-Policy header: Unrecognized feature: 'local-fonts'.", source:  (0)
[0304/145643.123:INFO:CONSOLE(0)] "Error with Permissions-Policy header: Unrecognized feature: 'window-management'.", source:  (0)
[0304/145643.123:INFO:CONSOLE(0)] "Error with Permissions-Policy-Report-Only header: Feature picture-in-picture's parameters are ignored.", source:  (0)
[0304/145643.376:INFO:CONSOLE(215)] "Another connection wants to delete database 'wawc'. Closing db now to resume the delete request.", source: https://web.whatsapp.com/serviceworker.js (215)
[0304/145643.376:INFO:CONSOLE(215)] "Another connection wants to delete database 'wawc'. Closing db now to resume the delete request.", source: https://web.whatsapp.com/serviceworker.js (215)
[0304/145644.592:INFO:CONSOLE(0)] "Error with Permissions-Policy header: Feature xr-spatial-tracking's parameters are ignored.", source:  (0)
[0304/145644.592:INFO:CONSOLE(0)] "Error with Permissions-Policy header: Unrecognized feature: 'ambient-light-sensor'.", source:  (0)
[0304/145644.592:INFO:CONSOLE(0)] "Error with Permissions-Policy header: Unrecognized feature: 'bluetooth'.", source:  (0)
[0304/145644.592:INFO:CONSOLE(0)] "Error with Permissions-Policy header: Unrecognized feature: 'gamepad'.", source:  (0)
[0304/145644.592:INFO:CONSOLE(0)] "Error with Permissions-Policy header: Unrecognized feature: 'local-fonts'.", source:  (0)
[0304/145644.593:INFO:CONSOLE(0)] "Error with Permissions-Policy header: Unrecognized feature: 'window-management'.", source:  (0)
[0304/145644.593:INFO:CONSOLE(0)] "Error with Permissions-Policy-Report-Only header: Feature picture-in-picture's parameters are ignored.", source:  (0)
[0304/150248.203:INFO:CONSOLE(265)] "Failed to parse video contentType: video/mp4; codecs=avc1.42000a", source: https://web.whatsapp.com/app.1348daccac22f513cdcb.js (265)
[0304/150248.203:INFO:CONSOLE(265)] "Failed to parse video contentType: video/mp4; codecs=hev1.1.6.L93.B0", source: https://web.whatsapp.com/app.1348daccac22f513cdcb.js (265)
